<?xml version="1.0" encoding="UTF-8"?>
<!-- Generated by org.testng.reporters.JUnitXMLReporter -->
<testsuite hostname="Balu" ignored="1" name="Default test(failed)" tests="1" failures="1" timestamp="28 Dec 2019 10:54:59 GMT" time="21.217" errors="0">
  <testcase name="navigationHomepage" time="0.778" classname="Academy.ValidateTitle">
    <failure type="java.lang.AssertionError" message="expected [true] but found [false]">
      <![CDATA[java.lang.AssertionError: expected [true] but found [false]
at Academy.ValidateTitle.navigationHomepage(ValidateTitle.java:50)
... Removed 29 stack frames]]>
    </failure>
  </testcase> <!-- navigationHomepage -->
  <testcase name="videos" time="0.0" classname="Academy.ValidateTitle">
    <ignored/>
  </testcase> <!-- videos -->
</testsuite> <!-- Default test(failed) -->
