<?xml version="1.0" encoding="UTF-8"?>
<!-- Generated by org.testng.reporters.JUnitXMLReporter -->
<testsuite hostname="Balu" ignored="0" name="Login Validation" tests="3" failures="0" timestamp="28 Dec 2019 10:47:07 GMT" time="103.732" errors="0">
  <testcase name="navigationHomepage" time="36.242" classname="Academy.HomePage"/>
  <testcase name="navigationHomepage" time="27.53" classname="Academy.HomePage"/>
  <testcase name="navigationHomepage" time="26.718" classname="Academy.HomePage"/>
</testsuite> <!-- Login Validation -->
