<?xml version="1.0" encoding="UTF-8"?>
<!-- Generated by org.testng.reporters.JUnitXMLReporter -->
<testsuite hostname="Balu" ignored="0" name="Test" tests="6" failures="0" timestamp="26 Dec 2019 16:12:26 GMT" time="173.787" errors="0">
  <testcase name="navigationHomepage" time="36.568" classname="Academy.HomePage"/>
  <testcase name="navigationHomepage" time="20.972" classname="Academy.HomePage"/>
  <testcase name="navigationHomepage" time="21.849" classname="Academy.HomePage"/>
  <testcase name="navigationHomepage" time="1.021" classname="Academy.ValidateTitle"/>
  <testcase name="vidiogallery" time="50.516" classname="Academy.VideoGallery_Test"/>
  <testcase name="videos" time="9.22" classname="Academy.ValidateTitle"/>
</testsuite> <!-- Test -->
