<?xml version="1.0" encoding="UTF-8"?>
<!-- Generated by org.testng.reporters.JUnitXMLReporter -->
<testsuite hostname="Balu" ignored="0" name="Validation Title" tests="2" failures="1" timestamp="28 Dec 2019 10:47:46 GMT" time="38.999" errors="0">
  <testcase name="navigationHomepage" time="0.621" classname="Academy.ValidateTitle">
    <failure type="java.lang.AssertionError" message="expected [true] but found [false]">
      <![CDATA[java.lang.AssertionError: expected [true] but found [false]
at Academy.ValidateTitle.navigationHomepage(ValidateTitle.java:50)
... Removed 29 stack frames]]>
    </failure>
  </testcase> <!-- navigationHomepage -->
  <testcase name="videos" time="20.006" classname="Academy.ValidateTitle"/>
</testsuite> <!-- Validation Title -->
