<?xml version="1.0" encoding="UTF-8"?>
<!-- Generated by org.testng.reporters.JUnitXMLReporter -->
<testsuite hostname="Balu" ignored="0" name="Validation Title" tests="2" failures="1" timestamp="27 Dec 2019 09:02:10 GMT" time="52.538" errors="0">
  <testcase name="navigationHomepage" time="4.533" classname="Academy.ValidateTitle">
    <failure type="java.lang.AssertionError" message="expected [true] but found [false]">
      <![CDATA[java.lang.AssertionError: expected [true] but found [false]
at Academy.ValidateTitle.navigationHomepage(ValidateTitle.java:49)
... Removed 29 stack frames]]>
    </failure>
  </testcase> <!-- navigationHomepage -->
  <testcase name="videos" time="19.732" classname="Academy.ValidateTitle"/>
</testsuite> <!-- Validation Title -->
