<?xml version="1.0" encoding="UTF-8"?>
<!-- Generated by org.testng.reporters.JUnitXMLReporter -->
<testsuite hostname="Balu" ignored="0" name="Video gallery test" tests="1" failures="0" timestamp="28 Dec 2019 13:09:41 GMT" time="0.228" errors="0">
  <testcase name="@BeforeTest intialize" time="0.055" classname="Academy.VideoGallery_Test">
    <failure type="java.lang.NullPointerException">
      <![CDATA[java.lang.NullPointerException
at resources.base.intializeDriver(base.java:39)
at Academy.VideoGallery_Test.intialize(VideoGallery_Test.java:29)
at java.util.concurrent.FutureTask.run(FutureTask.java:266)
at java.util.concurrent.ThreadPoolExecutor.runWorker(ThreadPoolExecutor.java:1149)
at java.util.concurrent.ThreadPoolExecutor$Worker.run(ThreadPoolExecutor.java:624)
at java.lang.Thread.run(Thread.java:748)
... Removed 15 stack frames]]>
    </failure>
  </testcase> <!-- @BeforeTest intialize -->
  <testcase name="@AfterTest tearDown" time="0.0" classname="Academy.VideoGallery_Test">
    <skipped/>
  </testcase> <!-- @AfterTest tearDown -->
  <testcase name="vidiogallery" time="0.0" classname="Academy.VideoGallery_Test">
    <skipped/>
  </testcase> <!-- vidiogallery -->
</testsuite> <!-- Video gallery test -->
