<?xml version="1.0" encoding="UTF-8"?>
<!-- Generated by org.testng.reporters.JUnitXMLReporter -->
<testsuite hostname="Balu" ignored="0" name="Video gallery test" tests="1" failures="1" timestamp="27 Dec 2019 09:03:35 GMT" time="85.557" errors="0">
  <testcase name="vidiogallery" time="64.331" classname="Academy.VideoGallery_Test">
    <failure type="junit.framework.ComparisonFailure" message="expected:&amp;lt;...&amp;gt; but was:&amp;lt;...1&amp;gt;">
      <![CDATA[junit.framework.ComparisonFailure: expected:<...> but was:<...1>
at junit.framework.Assert.assertEquals(Assert.java:81)
at junit.framework.Assert.assertEquals(Assert.java:87)
at Academy.VideoGallery_Test.vidiogallery(VideoGallery_Test.java:80)
... Removed 25 stack frames]]>
    </failure>
  </testcase> <!-- vidiogallery -->
</testsuite> <!-- Video gallery test -->
