<?xml version="1.0" encoding="UTF-8"?>
<!-- Generated by org.testng.reporters.JUnitXMLReporter -->
<testsuite hostname="Balu" ignored="0" name="Login Validation" tests="3" failures="0" timestamp="28 Dec 2019 11:03:24 GMT" time="82.481" errors="0">
  <testcase name="navigationHomepage" time="29.933" classname="Academy.HomePage"/>
  <testcase name="navigationHomepage" time="22.241" classname="Academy.HomePage"/>
  <testcase name="navigationHomepage" time="16.375" classname="Academy.HomePage"/>
</testsuite> <!-- Login Validation -->
