<?xml version="1.0" encoding="UTF-8"?>
<!-- Generated by org.testng.reporters.JUnitXMLReporter -->
<testsuite hostname="Balu" ignored="0" name="Login Validation" tests="3" failures="0" timestamp="28 Dec 2019 13:29:05 GMT" time="273.093" errors="0">
  <testcase name="navigationHomepage" time="182.77" classname="Academy.HomePage"/>
  <testcase name="navigationHomepage" time="20.948" classname="Academy.HomePage"/>
  <testcase name="navigationHomepage" time="18.012" classname="Academy.HomePage"/>
</testsuite> <!-- Login Validation -->
