<?xml version="1.0" encoding="UTF-8"?>
<!-- Generated by org.testng.reporters.JUnitXMLReporter -->
<testsuite hostname="Balu" ignored="0" name="Video gallery test" tests="1" failures="0" timestamp="27 Dec 2019 23:51:01 GMT" time="0.01" errors="0">
  <testcase name="@BeforeTest intialize" time="0.003" classname="Academy.VideoGallery_Test">
    <failure type="java.lang.NullPointerException">
      <![CDATA[java.lang.NullPointerException
at resources.base.intializeDriver(base.java:51)
at Academy.VideoGallery_Test.intialize(VideoGallery_Test.java:29)
... Removed 28 stack frames]]>
    </failure>
  </testcase> <!-- @BeforeTest intialize -->
  <testcase name="@AfterTest tearDown" time="0.0" classname="Academy.VideoGallery_Test">
    <skipped/>
  </testcase> <!-- @AfterTest tearDown -->
  <testcase name="vidiogallery" time="0.0" classname="Academy.VideoGallery_Test">
    <skipped/>
  </testcase> <!-- vidiogallery -->
</testsuite> <!-- Video gallery test -->
