<?xml version="1.0" encoding="UTF-8"?>
<testng-results skipped="0" failed="0" ignored="0" total="3" passed="3">
  <reporter-output>
  </reporter-output>
  <suite name="Suite" duration-ms="273093" started-at="2019-12-28T13:24:32Z" finished-at="2019-12-28T13:29:05Z">
    <groups>
    </groups>
    <test name="Login Validation" duration-ms="273093" started-at="2019-12-28T13:24:32Z" finished-at="2019-12-28T13:29:05Z">
      <class name="Academy.HomePage">
        <test-method status="PASS" signature="intialize()[pri:0, instance:Academy.HomePage@6580cfdd]" name="intialize" is-config="true" duration-ms="51046" started-at="2019-12-28T13:24:32Z" finished-at="2019-12-28T13:25:23Z">
          <reporter-output>
          </reporter-output>
        </test-method> <!-- intialize -->
        <test-method status="PASS" signature="navigationHomepage(java.lang.String, java.lang.String)[pri:0, instance:Academy.HomePage@6580cfdd]" name="navigationHomepage" duration-ms="182770" started-at="2019-12-28T13:25:23Z" data-provider="getdata" finished-at="2019-12-28T13:28:26Z">
          <params>
            <param index="0">
              <value>
                <![CDATA[abc@gmail.com]]>
              </value>
            </param>
            <param index="1">
              <value>
                <![CDATA[65656]]>
              </value>
            </param>
          </params>
          <reporter-output>
          </reporter-output>
        </test-method> <!-- navigationHomepage -->
        <test-method status="PASS" signature="navigationHomepage(java.lang.String, java.lang.String)[pri:0, instance:Academy.HomePage@6580cfdd]" name="navigationHomepage" duration-ms="20948" started-at="2019-12-28T13:28:26Z" data-provider="getdata" finished-at="2019-12-28T13:28:47Z">
          <params>
            <param index="0">
              <value>
                <![CDATA[dsgvsgabc@gmail.com]]>
              </value>
            </param>
            <param index="1">
              <value>
                <![CDATA[38o2ky]]>
              </value>
            </param>
          </params>
          <reporter-output>
          </reporter-output>
        </test-method> <!-- navigationHomepage -->
        <test-method status="PASS" signature="navigationHomepage(java.lang.String, java.lang.String)[pri:0, instance:Academy.HomePage@6580cfdd]" name="navigationHomepage" duration-ms="18012" started-at="2019-12-28T13:28:47Z" data-provider="getdata" finished-at="2019-12-28T13:29:05Z">
          <params>
            <param index="0">
              <value>
                <![CDATA[hkdjabashoc@gmail.com]]>
              </value>
            </param>
            <param index="1">
              <value>
                <![CDATA[ihiw89437]]>
              </value>
            </param>
          </params>
          <reporter-output>
          </reporter-output>
        </test-method> <!-- navigationHomepage -->
        <test-method status="PASS" signature="tearDown()[pri:0, instance:Academy.HomePage@6580cfdd]" name="tearDown" is-config="true" duration-ms="227" started-at="2019-12-28T13:29:05Z" finished-at="2019-12-28T13:29:05Z">
          <reporter-output>
          </reporter-output>
        </test-method> <!-- tearDown -->
      </class> <!-- Academy.HomePage -->
    </test> <!-- Login Validation -->
  </suite> <!-- Suite -->
</testng-results>
