<?xml version="1.0" encoding="UTF-8"?>
<testsuite xmlns:xsi="http://www.w3.org/2001/XMLSchema-instance" xsi:noNamespaceSchemaLocation="https://maven.apache.org/surefire/maven-surefire-plugin/xsd/surefire-test-report-3.0.xsd" version="3.0" name="TestSuite" time="174.092" tests="6" errors="0" skipped="0" failures="2">
  <properties>
[...]
</properties>
  <testcase name="navigationHomepage" classname="Academy.HomePage" time="29.938"/>
  <testcase name="navigationHomepage" classname="Academy.HomePage" time="22.23"/>
  <testcase name="navigationHomepage" classname="Academy.HomePage" time="16.375"/>
  <testcase name="navigationHomepage" classname="Academy.ValidateTitle" time="2.458">
    <failure message="expected [true] but found [false]" type="java.lang.AssertionError"><![CDATA[java.lang.AssertionError: expected [true] but found [false]
	at Academy.ValidateTitle.navigationHomepage(ValidateTitle.java:50)
]]></failure>
    <system-out><![CDATA[chromeheadless
ChromeDriver: chrome on WINDOWS (fd0a85acbcc16ab4d1f52e6418c268ef)
2019-12-28 16:33:38,134 main ERROR Unable to move file C:\Users\Talaneru\E2EProject\.\logs\prints.log to C:\Users\Talaneru\E2EProject\.\logs\prints-2019-12-28.log: java.nio.file.FileSystemException C:\Users\Talaneru\E2EProject\.\logs\prints.log -> C:\Users\Talaneru\E2EProject\.\logs\prints-2019-12-28.log: The process cannot access the file because it is being used by another process.

2019-12-28 16:33:38,139 main ERROR Unable to delete file C:\Users\Talaneru\E2EProject\.\logs\prints.log: java.nio.file.FileSystemException C:\Users\Talaneru\E2EProject\.\logs\prints.log: The process cannot access the file because it is being used by another process.

]]></system-out>
    <system-err><![CDATA[Starting ChromeDriver 79.0.3945.36 (3582db32b33893869b8c1339e8f4d9ed1816f143-refs/branch-heads/3945@{#614}) on port 21797
Only local connections are allowed.
Please protect ports used by ChromeDriver and related test frameworks to prevent access by malicious code.
Dec 28, 2019 4:33:30 PM org.openqa.selenium.remote.ProtocolHandshake createSession
INFO: Detected dialect: W3C
]]></system-err>
  </testcase>
  <testcase name="videos" classname="Academy.ValidateTitle" time="11.958"/>
  <testcase name="vidiogallery" classname="Academy.VideoGallery_Test" time="44.969">
    <failure message="expected:&lt;...&gt; but was:&lt;...1&gt;" type="junit.framework.ComparisonFailure"><![CDATA[junit.framework.ComparisonFailure: expected:<...> but was:<...1>
	at Academy.VideoGallery_Test.vidiogallery(VideoGallery_Test.java:80)
]]></failure>
    <system-out><![CDATA[chromeheadless
2019-12-28 16:34:14,650 main ERROR Unable to move file C:\Users\Talaneru\E2EProject\.\logs\prints.log to C:\Users\Talaneru\E2EProject\.\logs\prints-2019-12-28.log: java.nio.file.FileSystemException C:\Users\Talaneru\E2EProject\.\logs\prints.log -> C:\Users\Talaneru\E2EProject\.\logs\prints-2019-12-28.log: The process cannot access the file because it is being used by another process.

2019-12-28 16:34:14,659 main ERROR Unable to delete file C:\Users\Talaneru\E2EProject\.\logs\prints.log: java.nio.file.FileSystemException C:\Users\Talaneru\E2EProject\.\logs\prints.log: The process cannot access the file because it is being used by another process.

]]></system-out>
    <system-err><![CDATA[Starting ChromeDriver 79.0.3945.36 (3582db32b33893869b8c1339e8f4d9ed1816f143-refs/branch-heads/3945@{#614}) on port 16867
Only local connections are allowed.
Please protect ports used by ChromeDriver and related test frameworks to prevent access by malicious code.
Dec 28, 2019 4:33:57 PM org.openqa.selenium.remote.ProtocolHandshake createSession
INFO: Detected dialect: W3C
]]></system-err>
  </testcase>
</testsuite>